 -SERVICE_EXPLORE
 Error:
 for detail.\n
 inflate 1.1.3 Copyright 1995-1998 Mark Adler 
%02X
%2.2X
%8.8X
%s setup error from %s\n
%s: ( %d ): ReadFile failed! (%s)\n
%s: ( %d ): Unknown pipe type.\n
%s: ( %d ): unexpected data size, expected %lu, got %lu \n
%s: (%d) Pipe type unknown.\n
%s: (%d) completed.\n
%s: BS1_ProcessCommand( MSG_SCAN ) for serial number %08X failed! (error:%d)\n
%s: Cannot find firmware '%s'\n
%s: Client Pipe (%d) init Failed!\n
%s: Client Pipe (%d) init Success.\n
%s: Client Pipe (%d) not available. Retry in %d milliseconds.\n
%s: CreateFile( %s ) failed! (%s)\n
%s: CreateFile( %s ) success.\n
%s: CreateFile( %s ) timeout. Attempts: %d\n
%s: Empty driver log '%s'\n
%s: End of scanning, %d filtered\n
%s: Failed in state: %d (vl2_error: %s)\n
%s: Failed to open driver log '%s'\n
%s: Failed to resolve LinkBox Device Address.\n
%s: Failed, missing vivelink working directory.\n
%s: Found %4.4X\n
%s: Found LinkBox Device Address %llX\n
%s: Init Failure.\n
%s: Init Success.\n
%s: Invalid VL2 handles.\n
%s: Missing nonce.\n
%s: Missing path to firmware.\n
%s: ReadFile failed! (%s)\n
%s: Receive %s from %08X : %u (%s)\n
%s: Receive result: %s\n
%s: Rejected %4.4X\n
%s: Response: %s\n
%s: Send %s to %08X\n
%s: Send command: %s (length:%d, send_bytes:%d)\n
%s: SetNamedPipeHandleState() failed! (%s)\n
%s: Stop Scanning. All scan completion candidates found, %d filtered\n
%s: System Not Initialized.\n
%s: Timeout.\n
%s: Unknown component type %d.\n
%s: WriteFile failed! (%s)\n
' is not a number.
()$^.*+?[]|\-{},:=!\n\r
(::LHB::)([0-9A-F]{4})\s([0-9A-F]*)
(ADDR:)([0-9A-F]{12})
(HANDLE:)([0-9A-F]{4})
(HANDLE:)([0-9A-F]{4})(-)([0-9A-F]{4})
(HANDLE:)([0-9A-F]{4})\s([0-9A-F]*)
(MFG:)("(.*?)")
(MTU:)([0-9A-F]{2})
(NAME:)("(.*?)")
(R:)\s*([0-9.X]*),?\s*(M:)\s*([0-9.X]*),?\s*(B:)\s*([0-9.X]*)
(RSSI:)(-?[0-9]{0,3})
(UUID128:)([0-9A-F]{32})
(UUID16:)([0-9A-F]{4})
([0-9A-F]{12})
([0-9X]*)(.)([0-9X]*)(.)([0-9X]*)
-1e+9999
-ADDR %s
-Infinity
-btdriverver
-start
-status
-stop
-version
.00cfg
.?AU_Crt_new_delete@std@@
.?AV?$_Iosb@H@std@@
.?AV?$_Node_class@DV?$regex_traits@D@std@@@std@@
.?AV?$_Node_str@D@std@@
.?AV?$basic_ios@DU?$char_traits@D@std@@@std@@
.?AV?$basic_istream@DU?$char_traits@D@std@@@std@@
.?AV?$basic_istringstream@DU?$char_traits@D@std@@V?$allocator@D@2@@std@@
.?AV?$basic_ostream@DU?$char_traits@D@std@@@std@@
.?AV?$basic_ostringstream@DU?$char_traits@D@std@@V?$allocator@D@2@@std@@
.?AV?$basic_streambuf@DU?$char_traits@D@std@@@std@@
.?AV?$basic_stringbuf@DU?$char_traits@D@std@@V?$allocator@D@2@@std@@
.?AV?$codecvt@_WDU_Mbstatet@@@std@@
.?AV?$codecvt_utf8_utf16@_W$0BAPPPP@$0A@@std@@
.?AV?$collate@D@std@@
.?AV?$wstring_convert@V?$codecvt_utf8_utf16@_W$0BAPPPP@$0A@@std@@_WV?$allocator@_W@2@V?$allocator@D@2@@std@@
.?AVCHTCViveLinkClient@@
.?AVException@Json@@
.?AVIBaseStationWireless@@
.?AVLogicError@Json@@
.?AVRuntimeError@Json@@
.?AV_Facet_base@std@@
.?AV_Node_assert@std@@
.?AV_Node_back@std@@
.?AV_Node_base@std@@
.?AV_Node_capture@std@@
.?AV_Node_end_group@std@@
.?AV_Node_end_rep@std@@
.?AV_Node_endif@std@@
.?AV_Node_if@std@@
.?AV_Node_rep@std@@
.?AV_Root_node@std@@
.?AVbad_alloc@std@@
.?AVbad_array_new_length@std@@
.?AVbad_cast@std@@
.?AVcodecvt_base@std@@
.?AVexception@std@@
.?AVfacet@locale@std@@
.?AVios_base@std@@
.?AVrange_error@std@@
.?AVruntime_error@std@@
.?AVtype_info@@
.CRT$XCA
.CRT$XCL
.CRT$XCU
.CRT$XCZ
.CRT$XIA
.CRT$XIC
.CRT$XIZ
.CRT$XLA
.CRT$XLZ
.CRT$XPA
.CRT$XPZ
.CRT$XTA
.CRT$XTZ
.bss
.data
.data$r
.edata
.idata$2
.idata$3
.idata$4
.idata$5
.idata$6
.rdata
.rdata$T
.rdata$r
.rdata$zzzdbg
.rtc$IAA
.rtc$IZZ
.rtc$TAA
.rtc$TZZ
.text$di
.text$mn
.text$x
.text$yd
.tls
.tls$
.tls$ZZZ
.xdata$x
000015231212EFDE1523785FEABCD124
000015241212EFDE1523785FEABCD124
000015251212EFDE1523785FEABCD124
000084211212EFDE1523785FEABCD124
1e+9999
8EC90001F3154F609FB8838830DAEA50
8EC90002F3154F609FB8838830DAEA50
8EC90003F3154F609FB8838830DAEA50
9a&g
::LHB::%4.4X %s
<= Exiting Context: (%.2f seconds)\n
==============================\n
======================\n
=> Entering Context\n
??0?$basic_ios@DU?$char_traits@D@std@@@std@@IAE@XZ
??0?$basic_istream@DU?$char_traits@D@std@@@std@@QAE@PAV?$basic_streambuf@DU?$char_traits@D@std@@@1@_N@Z
??0?$basic_ostream@DU?$char_traits@D@std@@@std@@QAE@PAV?$basic_streambuf@DU?$char_traits@D@std@@@1@_N@Z
??0?$basic_streambuf@DU?$char_traits@D@std@@@std@@IAE@XZ
??0?$codecvt@_WDU_Mbstatet@@@std@@QAE@I@Z
??0_Locinfo@std@@QAE@PBD@Z
??0_Lockit@std@@QAE@H@Z
??0facet@locale@std@@IAE@I@Z
??1?$basic_istream@DU?$char_traits@D@std@@@std@@UAE@XZ
??1?$basic_ostream@DU?$char_traits@D@std@@@std@@UAE@XZ
??1?$basic_streambuf@DU?$char_traits@D@std@@@std@@UAE@XZ
??1_Locinfo@std@@QAE@XZ
??1_Lockit@std@@QAE@XZ
??4?$_Yarn@D@std@@QAEAAV01@PBD@Z
??Bid@locale@std@@QAEIXZ
??_7?$basic_ios@DU?$char_traits@D@std@@@std@@6B@
??_7?$codecvt@_WDU_Mbstatet@@@std@@6B@
??_7_Facet_base@std@@6B@
??_7codecvt_base@std@@6B@
??_7facet@locale@std@@6B@
??_7ios_base@std@@6B@
?_BADOFF@std@@3_JB
?_Decref@facet@locale@std@@UAEPAV_Facet_base@3@XZ
?_Getcat@?$ctype@D@std@@SAIPAPBVfacet@locale@2@PBV42@@Z
?_Getcoll@_Locinfo@std@@QBE?AU_Collvec@@XZ
?_Getgloballocale@locale@std@@CAPAV_Locimp@12@XZ
?_Incref@facet@locale@std@@UAEXXZ
?_Init@locale@std@@CAPAV_Locimp@12@_N@Z
?_Ios_base_dtor@ios_base@std@@CAXPAV12@@Z
?_Ipfx@?$basic_istream@DU?$char_traits@D@std@@@std@@QAE_N_N@Z
?_Locimp_Addfac@_Locimp@locale@std@@CAXPAV123@PAVfacet@23@I@Z
?_Lock@?$basic_streambuf@DU?$char_traits@D@std@@@std@@UAEXXZ
?_New_Locimp@_Locimp@locale@std@@CAPAV123@ABV123@@Z
?_Osfx@?$basic_ostream@DU?$char_traits@D@std@@@std@@QAEXXZ
?_Pninc@?$basic_streambuf@DU?$char_traits@D@std@@@std@@IAEPADXZ
?_Throw_C_error@std@@YAXH@Z
?_Unlock@?$basic_streambuf@DU?$char_traits@D@std@@@std@@UAEXXZ
?_Xbad_alloc@std@@YAXXZ
?_Xbad_function_call@std@@YAXXZ
?_Xinvalid_argument@std@@YAXPBD@Z
?_Xlength_error@std@@YAXPBD@Z
?_Xout_of_range@std@@YAXPBD@Z
?_Xregex_error@std@@YAXW4error_type@regex_constants@1@@Z
?flush@?$basic_ostream@DU?$char_traits@D@std@@@std@@QAEAAV12@XZ
?id@?$codecvt@_WDU_Mbstatet@@@std@@2V0locale@2@A
?id@?$collate@D@std@@2V0locale@2@A
?id@?$ctype@D@std@@2V0locale@2@A
?imbue@?$basic_streambuf@DU?$char_traits@D@std@@@std@@MAEXABVlocale@2@@Z
?in@?$codecvt@_WDU_Mbstatet@@@std@@QBEHAAU_Mbstatet@@PBD1AAPBDPA_W3AAPA_W@Z
?out@?$codecvt@_WDU_Mbstatet@@@std@@QBEHAAU_Mbstatet@@PB_W1AAPB_WPAD3AAPAD@Z
?sbumpc@?$basic_streambuf@DU?$char_traits@D@std@@@std@@QAEHXZ
?setbuf@?$basic_streambuf@DU?$char_traits@D@std@@@std@@MAEPAV12@PAD_J@Z
?setstate@?$basic_ios@DU?$char_traits@D@std@@@std@@QAEXH_N@Z
?sgetc@?$basic_streambuf@DU?$char_traits@D@std@@@std@@QAEHXZ
?showmanyc@?$basic_streambuf@DU?$char_traits@D@std@@@std@@MAE_JXZ
?snextc@?$basic_streambuf@DU?$char_traits@D@std@@@std@@QAEHXZ
?sputc@?$basic_streambuf@DU?$char_traits@D@std@@@std@@QAEHD@Z
?sputn@?$basic_streambuf@DU?$char_traits@D@std@@@std@@QAE_JPBD_J@Z
?sync@?$basic_streambuf@DU?$char_traits@D@std@@@std@@MAEHXZ
?tolower@?$ctype@D@std@@QBEDD@Z
?tolower@?$ctype@D@std@@QBEPBDPADPBD@Z
?uflow@?$basic_streambuf@DU?$char_traits@D@std@@@std@@MAEHXZ
?uncaught_exception@std@@YA_NXZ
?widen@?$basic_ios@DU?$char_traits@D@std@@@std@@QBEDD@Z
?xsgetn@?$basic_streambuf@DU?$char_traits@D@std@@@std@@MAE_JPAD_J@Z
?xsputn@?$basic_streambuf@DU?$char_traits@D@std@@@std@@MAE_JPBD_J@Z
A valid JSON document must be either an array or an object value.
AAuthentication
Address:  %s\n
BS1_MSG_EXTEND_TIMEOUT
BS1_MSG_FOTA_STAT
BS1_MSG_IDENTIFY
BS1_MSG_INIT
BS1_MSG_INVALID
BS1_MSG_NEVER_TIMEOUT
BS1_MSG_SCAN
BS1_MSG_SCAN_AND_IDENTIFY
BS1_MSG_SCAN_FULL_BS
BS1_MSG_SHUTDOWN
BS1_MSG_UPDATE_SN
BS1_MSG_WAKE_UP
BS1_PerformDFU
BS1_ProcessCommand
BS1_RSP_BS_DEVICE_ERROR
BS1_RSP_BS_NOT_FOUND
BS1_RSP_BS_PROBE_NOT_READY
BS1_RSP_CB_DEVICE_ERROR
BS1_RSP_CB_NOT_FOUND
BS1_RSP_FOTA_PROCESSING
BS1_RSP_MESSAGE_INVALID
BS1_RSP_SUCCESS
BS1_RSP_VERSION_INVALID
BS_Scan
BTManagerService*.txt
Bad escape sequence in string
Bad unicode escape sequence in string: four digits expected.
Bad unicode escape sequence in string: hexadecimal digit expected.
Bluetooth Link Version: %s\n
Bluetooth Link communication initialize (%s) (%.2f seconds)\n
Bluetooth Link communication initialize.\n
Bluetooth Link not found: %s\n
Bluetooth Link shutdown (%.2f seconds)\n
Bluetooth Link was not able to start. (Status: %d, Error %s)\n
Bluetooth service shutdown.\n
Bootloader Mode
CHARS -S %4.4X -E %4.4X
CMD=BASE_STATION_BS_BLE_FOTA
CMD=BASE_STATION_BS_MCU_FOTA
CONNECT -ADDR_TYPE %s -SV_TO 190 -CON_MIN 6 -CON_MAX 6 -T %X %s
Caller: additions to the zip have already been ended
Caller: can only get memory of a memory zipfile
Caller: faulty arguments
Caller: mixing creation and opening of zip
Caller: not enough space allocated for memory zipfile
Caller: the file had already been partially unzipped
Caller: there was a previous error
Can not open file to determine Bluetooth Link status (%s)\n
Can not open file to determine Bluetooth driver version (%s)\n
CloseHandle
Completed. Transfer took %.2f seconds.\n
Continue
Could not determine Bluetooth Link status from %s.\n
Couldn't create/open file
CreateDirectoryA
CreateEventA
CreateEventW
CreateFileA
CreatePipe
CreateProcessA
Culdn't duplicate handle
DESCS -S %4.4X -E %4.4X
DFU_EXT_ERROR_FW_VERSION_FAILURE
DFU_EXT_ERROR_HASH_FAILED
DFU_EXT_ERROR_HW_VERSION_FAILURE
DFU_EXT_ERROR_INIT_COMMAND_INVALID
DFU_EXT_ERROR_INSUFFICIENT_SPACE
DFU_EXT_ERROR_INVALID_ERROR_CODE
DFU_EXT_ERROR_NO_ERROR
DFU_EXT_ERROR_SD_VERSION_FAILURE
DFU_EXT_ERROR_SIGNATURE_MISSING
DFU_EXT_ERROR_UNKNOWN_COMMAND
DFU_EXT_ERROR_VERIFICATION_FAILED
DFU_EXT_ERROR_WRONG_COMMAND_FORMAT
DFU_EXT_ERROR_WRONG_HASH_TYPE
DFU_EXT_ERROR_WRONG_SIGNATURE_TYPE
DFU_OBJECT_COMMAND
DFU_OBJECT_FIRMWARE
DFU_OBJECT_NONE
DFU_OPCODE_CALCULATE_CRC
DFU_OPCODE_CREATE
DFU_OPCODE_EXECUTE
DFU_OPCODE_RESPONSE
DFU_OPCODE_SELECT
DFU_OPCODE_SET_PRN
DFU_RESPONSE_EXTENDED_ERROR
DFU_RESPONSE_INSUFFICIENT_RESOURCES
DFU_RESPONSE_INVALID
DFU_RESPONSE_INVALID_OBJECT
DFU_RESPONSE_INVALID_PARAMETER
DFU_RESPONSE_OPCODE_NOT_SUPPORTED
DFU_RESPONSE_OPERATION_FAILED
DFU_RESPONSE_OPERATION_NOT_PERMITTED
DFU_RESPONSE_SUCCESS
DFU_RESPONSE_UNSUPPORTED_TYPE
DISCONNECT
DeleteCriticalSection
DeleteFileW
DisableThreadLibraryCalls
DisconnectNamedPipe
DosDateTimeToFileTime
Driver version is %d.%d.%d.%d but should be %d.%d.%d.%d\n
Driver version: %s\n
DuplicateHandle
Empty escape sequence in string
EnterCriticalSection
Error reading file
Error writing to file
Exceeded stackLimit in readValue().
Execute '%s %s' failed (Error:%d)\n
Execute Elevated '%s %s' failed (Error:%d)\n
Existing Bootloader mode.\n
Extended Error: %s, %s\n
Failed
Failed to allocate memory
Failed to open DFU zip file '%s'\n
Failed. Base needs power cycle.\n
Failed.\n
File not found in the zipfile
FindClose
FindFirstFileW
FindNextFileW
Firmware: %s\n
FormatMessageA
Found: %s, size: %d\n
GetCurrentDirectoryA
GetCurrentProcess
GetCurrentProcessId
GetCurrentThreadId
GetExitCodeProcess
GetFileAttributesW
GetFileType
GetLastError
GetModuleFileNameW
GetModuleHandleW
GetProcAddress
GetSystemTimeAsFileTime
GetTickCount64
GetVersionExA
HTC BS
Infinity
InitLinkToService
InitializeConditionVariable
InitializeCriticalSectionAndSpinCount
InitializeSListHead
Invalid address %s.\n
Invalid nonce %d\n
IsDebuggerPresent
IsProcessorFeaturePresent
K32EnumProcessModules
K32EnumProcesses
K32GetModuleBaseNameA
K32GetProcessImageFileNameA
KERNEL32.dll
LHB-
LHB-DFU
LeaveCriticalSection
Line %d, Column %d
Linkbox Not Connected\n
LinkboxNotConnected
Linux
Linux 2.2
Linux 2.4
Linux 2.6
Linux 3.10
Linux 3.2
Linux 3.5
Linux 3.6
LoadLibraryA
LocalFree
Logger.txt
MGiI
MSVCP140.dll
Mac OS
MacOS 10.10
MacOS 10.11
MacOS 10.12
MacOS 10.4
MacOS 10.5
MacOS 10.5.8
MacOS 10.6
MacOS 10.6.3
MacOS 10.6.4 with Apple's Snow Leopard Graphics Update
MacOS 10.6.7
MacOS 10.7
MacOS 10.8
MacOS 10.9
MainThrd
Missing %s from %s\n
Missing ',' or ']' in array declaration
Missing ',' or '}' in object declaration
Missing ':' after object member name
Missing '}' or object member name
Missing manifest file %s from %s\n
Nonce:    %d\n
ODFU Post
OpenProcess
Out of thread local storage!\n
PAIR -NONCE %6.6d
PUBLIC
Parsing of JSON string "%s" failed: %s\n
PeekNamedPipe
PerformDFU
Performing DFU:\n
PipeInit
Progress: %d%% (%d/%d)\n
Qkkbal
QueryPerformanceCounter
QueryPerformanceFrequency
RANDOM
RAW:
READ -H %4.4X
RESET
RSDS
RaiseException
ReadFile
ReadPipeResponse
ResetEvent
Response: %s, %s\n
Restart:  %s\n
RtlGetNtVersionNumbers
Running
SCAN -NAME "%s" -T %X
SERVICES
SERVICES -U128 %s
SERVICES -U16 %4.4X
SHELL32.dll
See 
Selecting Data Packet:\n
Selecting Init Packet:\n
Send CRC Command.\n
Send Create Object %s\n
Send Enter Bootloader Command.\n
Send Execute Command.\n
Send Select Object %s\n
Set CCCD (handle %d). Notifications: %d, Indications: %d\n
SetEvent
SetFileAttributesW
SetFilePointer
SetFileTime
SetNamedPipeHandleState
SetUnhandledExceptionFilter
ShellExecuteExA
ShutdownLinkToService
Sleep
SleepConditionVariableCS
Starting Bluetooth Link: %s\n
Still more data to unzip
Stopped
Stopping Bluetooth Link\n
Success
Syntax error: value, object or array expected.
SystemTimeToFileTime
TIMEOUT
TerminateProcess
Terminating discovered vivelink process.\n
TlsAlloc
TlsFree
UnhandledExceptionFilter
Unknown
Unknown DFU Extended Error (%d)
Unknown DFU Object (%d)
Unknown DFU OpCode (%d)
Unknown DFU Response (%d)
Unknown ViveLink Error (%d)
Unknown exception
VCRUNTIME140.dll
VL2_Connect
VL2_Disconnect
VL2_DiscoverCharacteristics
VL2_DiscoverDescriptors
VL2_DiscoverServices
VL2_HandleNotificationResponse
VL2_HandleResponse
VL2_HandleScanResponse
VL2_Pair
VL2_Read
VL2_ReadResponse
VL2_Reset
VL2_WriteCommand
VL2_WriteWithResponse
VL2_WriteWithoutResponse
VerSetConditionMask
VerifyVersionInfoW
ViveLinkError_AUTH_SMP_BUSY
ViveLinkError_AUTH_SMP_CONFIRM_FAIL
ViveLinkError_AUTH_SMP_CONFIRM_VALUE_FAIL
ViveLinkError_AUTH_SMP_ENC_FAIL
ViveLinkError_AUTH_SMP_ENC_KEY_SIZE
ViveLinkError_AUTH_SMP_INIT_FAIL
ViveLinkError_AUTH_SMP_INTERNAL_ERR
ViveLinkError_AUTH_SMP_INVALID_CMD
ViveLinkError_AUTH_SMP_INVALID_PARAMETERS
ViveLinkError_AUTH_SMP_OOB_FAIL
ViveLinkError_AUTH_SMP_PAIR_AUTH_FAIL
ViveLinkError_AUTH_SMP_PAIR_NOT_SUPPORT
ViveLinkError_AUTH_SMP_PASSKEY_FAIL
ViveLinkError_AUTH_SMP_REPEATED_ATTEMPT
ViveLinkError_AUTH_SMP_RSP_TIMEOUT
ViveLinkError_AUTH_SMP_UNKNOWN_ERR
ViveLinkError_AUTH_SMP_UNKNOWN_IO
ViveLinkError_AuthenticationError_NonceRejected
ViveLinkError_AuthenticationError_PairingLockout
ViveLinkError_CONNECTED_TO_MAX_DEVICES
ViveLinkError_CONNECT_TIMEOUT
ViveLinkError_DEVICE_NOT_FOUND
ViveLinkError_DFUError_BaseNeedsPowerCycle
ViveLinkError_DFUError_FWVersionFailure
ViveLinkError_DFUError_HWVersionFailure
ViveLinkError_DFUError_HashFailed
ViveLinkError_DFUError_InitCommandInvalid
ViveLinkError_DFUError_InsufficientSpace
ViveLinkError_DFUError_InvalidErrorCode
ViveLinkError_DFUError_SDVersionFailure
ViveLinkError_DFUError_SignatureMissing
ViveLinkError_DFUError_UnknownCommand
ViveLinkError_DFUError_VerificationFailed
ViveLinkError_DFUError_WrongCommandFormat
ViveLinkError_DFUError_WrongHashType
ViveLinkError_DFUError_WrongSignatureType
ViveLinkError_DFUPost_BaseNotFound
ViveLinkError_DFUPost_BaseStuckInDFU
ViveLinkError_Error
ViveLinkError_GATT_AUTH_FAIL
ViveLinkError_GATT_BUSY
ViveLinkError_GATT_CCC_CFG_ERR
ViveLinkError_GATT_CMD_STARTED
ViveLinkError_GATT_CONGESTED
ViveLinkError_GATT_DB_FULL
ViveLinkError_GATT_ENCRYPED_NO_MITM
ViveLinkError_GATT_ERROR
ViveLinkError_GATT_ERR_UNLIKELY
ViveLinkError_GATT_ILLEGAL_PARAMETER
ViveLinkError_GATT_INSUF_AUTHENTICATION
ViveLinkError_GATT_INSUF_AUTHORIZATION
ViveLinkError_GATT_INSUF_ENCRYPTION
ViveLinkError_GATT_INSUF_KEY_SIZE
ViveLinkError_GATT_INSUF_RESOURCE
ViveLinkError_GATT_INTERNAL_ERROR
ViveLinkError_GATT_INVALID_ATTR_LEN
ViveLinkError_GATT_INVALID_CFG
ViveLinkError_GATT_INVALID_HANDLE
ViveLinkError_GATT_INVALID_OFFSET
ViveLinkError_GATT_INVALID_PDU
ViveLinkError_GATT_MORE
ViveLinkError_GATT_NOT_ENCRYPTED
ViveLinkError_GATT_NOT_FOUND
ViveLinkError_GATT_NOT_LONG
ViveLinkError_GATT_NO_RESOURCES
ViveLinkError_GATT_OUT_OF_RANGE
ViveLinkError_GATT_PENDING
ViveLinkError_GATT_PRC_IN_PROGRESS
ViveLinkError_GATT_PREPARE_Q_FULL
ViveLinkError_GATT_READ_NOT_PERMIT
ViveLinkError_GATT_REQ_NOT_SUPPORTED
ViveLinkError_GATT_SERVICE_STARTED
ViveLinkError_GATT_UNSUPPORT_GRP_TYPE
ViveLinkError_GATT_WRITE_NOT_PERMIT
ViveLinkError_GATT_WRONG_STATE
ViveLinkError_InternalError
ViveLinkError_InvalidAddress
ViveLinkError_InvalidArgument
ViveLinkError_NotFound
ViveLinkError_Success
ViveLinkError_Timeout
ViveLinkLib_GetBaseStationWirelessInterface
WRITE_WO_RESP -H %4.4X 
WRITE_W_RESP -H %4.4X 
WaitForPipeCreation
WaitForSingleObject
WaitForSingleObjectEx
WakeAllConditionVariable
WideCharToMultiByte
Windows
Windows 10
Windows 11
Windows 2000
Windows 2003
Windows 2008
Windows 2012
Windows 2012 R2
Windows 3.11
Windows 7
Windows 8
Windows 8.1
Windows 95
Windows 98
Windows ME
Windows NT
Windows Vista
Windows XP
WriteFile
Zip Error: %s\n
Zip-bug: an internal error during flation
Zip-bug: internal initialisation not completed
Zip-bug: the anticipated size turned out wrong
Zip-bug: tried to change mind, but not allowed
Zip-bug: trying to seek the unseekable
Zipfile is corrupt or not a zipfile
Zjz\v
[DFU]
\\.\pipe\BaseStationFirmwareUpgrade
\\.\pipe\BaseStationFirmwareUpgradeStatus
\\.\pipe\HTC_BT_BSV2_PIPE_RECV_NAME
\\.\pipe\HTC_BT_BSV2_PIPE_SEND_NAME
\\.\pipe\VIVE_PIPE_BS_PM_MESSAGE
^(::LHB::)([0-9A-F]{4})
^(::LHB::)([0-9A-F]{4})\s(RET:)([0-9A-F]{2})
_CxxThrowException
_Mtx_destroy_in_situ
_Mtx_init_in_situ
_Mtx_lock
_Mtx_unlock
_Strcoll
_Strxfrm
__CxxFrameHandler3
__std_exception_copy
__std_exception_destroy
__std_type_info_destroy_list
__stdio_common_vsprintf
__stdio_common_vsprintf_s
__stdio_common_vsscanf
_callnewh
_cexit
_configure_narrow_argv
_crt_atexit
_dtest
_errno
_except1
_except_handler3
_except_handler4_common
_execute_onexit_table
_gmtime64
_initialize_narrow_environment
_initialize_onexit_table
_initterm
_initterm_e
_invalid_parameter_noinfo_noreturn
_mbsstr
_register_onexit_function
_seh_filter_dll
_stricmp
_strnicmp
_wfopen_s
_wfsopen
_wstat64i32
additional six characters expected to parse unicode surrogate pair.
alnum
alpha
alse
api-ms-win-crt-convert-l1-1-0.dll
api-ms-win-crt-filesystem-l1-1-0.dll
api-ms-win-crt-heap-l1-1-0.dll
api-ms-win-crt-math-l1-1-0.dll
api-ms-win-crt-multibyte-l1-1-0.dll
api-ms-win-crt-runtime-l1-1-0.dll
api-ms-win-crt-stdio-l1-1-0.dll
api-ms-win-crt-string-l1-1-0.dll
api-ms-win-crt-time-l1-1-0.dll
application
assert json failed
atoi
bad allocation
bad array new length
bad cast
bad conversion
bin_file
blank
bootloader
buffer error
c:\buildslave\steamvr_rel_hotfix_win32\build\src\vivelinklib\Retail\win32\2017\vivelinklib.pdb
calloc
ceil
cntrl
dat_file
data error
deque<T> too long
digit
empty distance tree with lengths
exception thrown in JSON library
expecting another \u token to begin the second half of a unicode surrogate pair
false
fclose
file error
fputs
fread
free
fseek
ftell
graph
i]Wb
in Json::Value::duplicateAndPrefixStringValue(): Failed to allocate string value buffer
in Json::Value::duplicateAndPrefixStringValue(): length too big for prefixing
in Json::Value::duplicateStringValue(): Failed to allocate string value buffer
in Json::Value::find(key, end, found): requires objectValue or nullValue
in Json::Value::operator[](ArrayIndex): requires arrayValue
in Json::Value::operator[](int index): index cannot be negative
in Json::Value::resolveReference(key, end): requires objectValue
in Json::Value::setComment(): Comments must start with /
incompatible version
incomplete distance tree
incomplete dynamic bit lengths tree
incomplete literal/length tree
incorrect data check
incorrect header check
insufficient memory
invalid bit length repeat
invalid block type
invalid distance code
invalid literal/length code
invalid stoi argument
invalid stored block lengths
invalid stoul argument
invalid string position
invalid vector<T> subscript
invalid window size
isxdigit
lighthouse
lower
malloc
manifest
manifest file %s parse error from %s\n
manifest file %s setup error from %s\n
manifest.json
map/set<T> too long
memchr
memcpy
memmove
memset
need dictionary
ntdll.dll
oversubscribed distance tree
oversubscribed dynamic bit lengths tree
oversubscribed literal/length tree
print
punct
realloc
runas
space
stoi argument out of range
stoul argument out of range
strchr
stream end
stream error
string too long
strncat
strncpy
strrchr
strstr
strtod
strtol
strtoul
strtoull
too many length or distance symbols
tools
true
unknown compression method
unknown zip result code
upper
vector<T> too long
vector<bool> too long
vivebtdriver.exe
vivebtdriver_win10.exe
vivelink-btver.txt
vivelink-driver.txt
vivelink-output.txt
vivelink.exe
vivelinklib.dll
win64
wn>Jj
xdigit
